This is pdfTeX, Version 3.14159265-2.6-1.40.15 (TeX Live 2014) (preloaded format=pdflatex 2014.5.25)  15 OCT 2016 20:09
entering extended mode
 restricted \write18 enabled.
 %&-line parsing enabled.
**MX_SIAM_soda2e.tex
(./MX_SIAM_soda2e.tex
LaTeX2e <2014/05/01>
Babel <3.9k> and hyphenation patterns for 78 languages loaded.
(/usr/local/texlive/2014/texmf-dist/tex/latex/base/article.cls
Document Class: article 2007/10/19 v1.4h Standard LaTeX document class
(/usr/local/texlive/2014/texmf-dist/tex/latex/base/leqno.clo
File: leqno.clo 1998/08/17 v1.1c Standard LaTeX option (left equation numbers)
)
(/usr/local/texlive/2014/texmf-dist/tex/latex/base/size10.clo
File: size10.clo 2007/10/19 v1.4h Standard LaTeX file (size option)
)
\c@part=\count79
\c@section=\count80
\c@subsection=\count81
\c@subsubsection=\count82
\c@paragraph=\count83
\c@subparagraph=\count84
\c@figure=\count85
\c@table=\count86
\abovecaptionskip=\skip41
\belowcaptionskip=\skip42
\bibindent=\dimen102
) (./ltexpprt.sty
*** ACM/SIAM LaTeX2E Preprint Series macro package, version 1.0, September 5, 1
996 ***
\outerparskip=\skip43
\c@@theorem=\count87
\c@@algorithm=\count88
\c@lemma=\count89
\c@fact=\count90
\c@corollary=\count91
\c@axiom=\count92
\c@cond=\count93
\c@property=\count94
\c@proposition=\count95
\c@Conjecture=\count96
\c@Definition=\count97
\c@Lemma=\count98
\c@Remark=\count99
) (/usr/local/texlive/2014/texmf-dist/tex/latex/amsmath/amsmath.sty
Package: amsmath 2013/01/14 v2.14 AMS math features
\@mathmargin=\skip44

For additional information on amsmath, use the `?' option.
(/usr/local/texlive/2014/texmf-dist/tex/latex/amsmath/amstext.sty
Package: amstext 2000/06/29 v2.01

(/usr/local/texlive/2014/texmf-dist/tex/latex/amsmath/amsgen.sty
File: amsgen.sty 1999/11/30 v2.0
\@emptytoks=\toks14
\ex@=\dimen103
))
(/usr/local/texlive/2014/texmf-dist/tex/latex/amsmath/amsbsy.sty
Package: amsbsy 1999/11/29 v1.2d
\pmbraise@=\dimen104
)
(/usr/local/texlive/2014/texmf-dist/tex/latex/amsmath/amsopn.sty
Package: amsopn 1999/12/14 v2.01 operator names
)
\inf@bad=\count100
LaTeX Info: Redefining \frac on input line 210.
\uproot@=\count101
\leftroot@=\count102
LaTeX Info: Redefining \overline on input line 306.
\classnum@=\count103
\DOTSCASE@=\count104
LaTeX Info: Redefining \ldots on input line 378.
LaTeX Info: Redefining \dots on input line 381.
LaTeX Info: Redefining \cdots on input line 466.
\Mathstrutbox@=\box26
\strutbox@=\box27
\big@size=\dimen105
LaTeX Font Info:    Redeclaring font encoding OML on input line 566.
LaTeX Font Info:    Redeclaring font encoding OMS on input line 567.
\macc@depth=\count105
\c@MaxMatrixCols=\count106
\dotsspace@=\muskip10
\c@parentequation=\count107
\dspbrk@lvl=\count108
\tag@help=\toks15
\row@=\count109
\column@=\count110
\maxfields@=\count111
\andhelp@=\toks16
\eqnshift@=\dimen106
\alignsep@=\dimen107
\tagshift@=\dimen108
\tagwidth@=\dimen109
\totwidth@=\dimen110
\lineht@=\dimen111
\@envbody=\toks17
\multlinegap=\skip45
\multlinetaggap=\skip46
\mathdisplay@stack=\toks18
LaTeX Info: Redefining \[ on input line 2665.
LaTeX Info: Redefining \] on input line 2666.
)
(/usr/local/texlive/2014/texmf-dist/tex/latex/graphics/graphicx.sty
Package: graphicx 2014/04/25 v1.0g Enhanced LaTeX Graphics (DPC,SPQR)

(/usr/local/texlive/2014/texmf-dist/tex/latex/graphics/keyval.sty
Package: keyval 2014/05/08 v1.15 key=value parser (DPC)
\KV@toks@=\toks19
)
(/usr/local/texlive/2014/texmf-dist/tex/latex/graphics/graphics.sty
Package: graphics 2009/02/05 v1.0o Standard LaTeX Graphics (DPC,SPQR)

(/usr/local/texlive/2014/texmf-dist/tex/latex/graphics/trig.sty
Package: trig 1999/03/16 v1.09 sin cos tan (DPC)
)
(/usr/local/texlive/2014/texmf-dist/tex/latex/latexconfig/graphics.cfg
File: graphics.cfg 2010/04/23 v1.9 graphics configuration of TeX Live
)
Package graphics Info: Driver file: pdftex.def on input line 91.

(/usr/local/texlive/2014/texmf-dist/tex/latex/pdftex-def/pdftex.def
File: pdftex.def 2011/05/27 v0.06d Graphics/color for pdfTeX

(/usr/local/texlive/2014/texmf-dist/tex/generic/oberdiek/infwarerr.sty
Package: infwarerr 2010/04/08 v1.3 Providing info/warning/error messages (HO)
)
(/usr/local/texlive/2014/texmf-dist/tex/generic/oberdiek/ltxcmds.sty
Package: ltxcmds 2011/11/09 v1.22 LaTeX kernel commands for general use (HO)
)
\Gread@gobject=\count112
))
\Gin@req@height=\dimen112
\Gin@req@width=\dimen113
)
(/usr/local/texlive/2014/texmf-dist/tex/latex/psfrag/psfrag.sty
Package: psfrag 1998/04/11 v3.04 PSfrag (MCG)
\pfg@pcount=\count113
\pfg@scount=\count114
\pfg@temp=\write3
)
(/usr/local/texlive/2014/texmf-dist/tex/generic/epsf/epsf.sty
This is `epsf.tex' v2.7.4 <14 February 2011>
\epsffilein=\read1
\epsfframemargin=\dimen114
\epsfframethickness=\dimen115
\epsfrsize=\dimen116
\epsftmp=\dimen117
\epsftsize=\dimen118
\epsfxsize=\dimen119
\epsfysize=\dimen120
\pspoints=\dimen121
) (/usr/local/texlive/2014/texmf-dist/tex/latex/caption/subcaption.sty
Package: subcaption 2013/02/03 v1.1-62 Sub-captions (AR)

(/usr/local/texlive/2014/texmf-dist/tex/latex/caption/caption.sty
Package: caption 2013/05/02 v3.3-89 Customizing captions (AR)

(/usr/local/texlive/2014/texmf-dist/tex/latex/caption/caption3.sty
Package: caption3 2013/05/02 v1.6-88 caption3 kernel (AR)
Package caption3 Info: TeX engine: e-TeX on input line 57.
\captionmargin=\dimen122
\captionmargin@=\dimen123
\captionwidth=\dimen124
\caption@tempdima=\dimen125
\caption@indent=\dimen126
\caption@parindent=\dimen127
\caption@hangindent=\dimen128
)
\c@ContinuedFloat=\count115
)
\c@subfigure=\count116
\c@subtable=\count117
)
(/usr/local/texlive/2014/texmf-dist/tex/latex/tools/enumerate.sty
Package: enumerate 1999/03/05 v3.00 enumerate extensions (DPC)
\@enLab=\toks20
)
(/usr/local/texlive/2014/texmf-dist/tex/latex/natbib/natbib.sty
Package: natbib 2010/09/13 8.31b (PWD, AO)
\bibhang=\skip47
\bibsep=\skip48
LaTeX Info: Redefining \cite on input line 694.
\c@NAT@ctr=\count118
)
(/usr/local/texlive/2014/texmf-dist/tex/latex/adjustbox/adjustbox.sty
Package: adjustbox 2012/05/21 v1.0 Adjusting TeX boxes (trim, clip, ...)

(/usr/local/texlive/2014/texmf-dist/tex/latex/xkeyval/xkeyval.sty
Package: xkeyval 2014/05/09 v2.6d package option processing (HA)

(/usr/local/texlive/2014/texmf-dist/tex/generic/xkeyval/xkeyval.tex
\XKV@toks=\toks21
\XKV@tempa@toks=\toks22
\XKV@depth=\count119
File: xkeyval.tex 2014/05/09 v2.6d key=value parser (HA)
))
(/usr/local/texlive/2014/texmf-dist/tex/latex/adjustbox/adjcalc.sty
Package: adjcalc 2012/05/16 v1.1 Provides advanced setlength with multiple back
-ends (calc, etex, pgfmath)
)
(/usr/local/texlive/2014/texmf-dist/tex/latex/adjustbox/trimclip.sty
Package: trimclip 2012/05/16 v1.0 Trim and clip general TeX material

(/usr/local/texlive/2014/texmf-dist/tex/latex/collectbox/collectbox.sty
Package: collectbox 2012/05/17 v0.4b Collect macro arguments as boxes
\collectedbox=\box28
)
\tc@llx=\dimen129
\tc@lly=\dimen130
\tc@urx=\dimen131
\tc@ury=\dimen132
Package trimclip Info: Using driver 'tc-pdftex.def'.

(/usr/local/texlive/2014/texmf-dist/tex/latex/adjustbox/tc-pdftex.def
File: tc-pdftex.def 2012/05/13 v1.0 Clipping driver for pdftex
))
\adjbox@Width=\dimen133
\adjbox@Height=\dimen134
\adjbox@Depth=\dimen135
\adjbox@Totalheight=\dimen136

(/usr/local/texlive/2014/texmf-dist/tex/latex/ifoddpage/ifoddpage.sty
Package: ifoddpage 2011/09/13 v1.0 Conditionals for odd/even page detection
\c@checkoddpage=\count120
)
(/usr/local/texlive/2014/texmf-dist/tex/latex/varwidth/varwidth.sty
Package: varwidth 2009/03/30 ver 0.92;  Variable-width minipages
\@vwid@box=\box29
\sift@deathcycles=\count121
\@vwid@loff=\dimen137
\@vwid@roff=\dimen138
))
(./MX_SIAM_soda2e.aux)
\openout1 = `MX_SIAM_soda2e.aux'.

LaTeX Font Info:    Checking defaults for OML/cmm/m/it on input line 11.
LaTeX Font Info:    ... okay on input line 11.
LaTeX Font Info:    Checking defaults for T1/cmr/m/n on input line 11.
LaTeX Font Info:    ... okay on input line 11.
LaTeX Font Info:    Checking defaults for OT1/cmr/m/n on input line 11.
LaTeX Font Info:    ... okay on input line 11.
LaTeX Font Info:    Checking defaults for OMS/cmsy/m/n on input line 11.
LaTeX Font Info:    ... okay on input line 11.
LaTeX Font Info:    Checking defaults for OMX/cmex/m/n on input line 11.
LaTeX Font Info:    ... okay on input line 11.
LaTeX Font Info:    Checking defaults for U/cmr/m/n on input line 11.
LaTeX Font Info:    ... okay on input line 11.

(/usr/local/texlive/2014/texmf-dist/tex/context/base/supp-pdf.mkii
[Loading MPS to PDF converter (version 2006.09.02).]
\scratchcounter=\count122
\scratchdimen=\dimen139
\scratchbox=\box30
\nofMPsegments=\count123
\nofMParguments=\count124
\everyMPshowfont=\toks23
\MPscratchCnt=\count125
\MPscratchDim=\dimen140
\MPnumerator=\count126
\makeMPintoPDFobject=\count127
\everyMPtoPDFconversion=\toks24
) (/usr/local/texlive/2014/texmf-dist/tex/generic/oberdiek/pdftexcmds.sty
Package: pdftexcmds 2011/11/29 v0.20 Utility functions of pdfTeX for LuaTeX (HO
)

(/usr/local/texlive/2014/texmf-dist/tex/generic/oberdiek/ifluatex.sty
Package: ifluatex 2010/03/01 v1.3 Provides the ifluatex switch (HO)
Package ifluatex Info: LuaTeX not detected.
)
(/usr/local/texlive/2014/texmf-dist/tex/generic/oberdiek/ifpdf.sty
Package: ifpdf 2011/01/30 v2.3 Provides the ifpdf switch (HO)
Package ifpdf Info: pdfTeX in PDF mode is detected.
)
Package pdftexcmds Info: LuaTeX not detected.
Package pdftexcmds Info: \pdf@primitive is available.
Package pdftexcmds Info: \pdf@ifprimitive is available.
Package pdftexcmds Info: \pdfdraftmode found.
)
(/usr/local/texlive/2014/texmf-dist/tex/latex/oberdiek/epstopdf-base.sty
Package: epstopdf-base 2010/02/09 v2.5 Base part for package epstopdf

(/usr/local/texlive/2014/texmf-dist/tex/latex/oberdiek/grfext.sty
Package: grfext 2010/08/19 v1.1 Manage graphics extensions (HO)

(/usr/local/texlive/2014/texmf-dist/tex/generic/oberdiek/kvdefinekeys.sty
Package: kvdefinekeys 2011/04/07 v1.3 Define keys (HO)
))
(/usr/local/texlive/2014/texmf-dist/tex/latex/oberdiek/kvoptions.sty
Package: kvoptions 2011/06/30 v3.11 Key value format for package options (HO)

(/usr/local/texlive/2014/texmf-dist/tex/generic/oberdiek/kvsetkeys.sty
Package: kvsetkeys 2012/04/25 v1.16 Key value parser (HO)

(/usr/local/texlive/2014/texmf-dist/tex/generic/oberdiek/etexcmds.sty
Package: etexcmds 2011/02/16 v1.5 Avoid name clashes with e-TeX commands (HO)
Package etexcmds Info: Could not find \expanded.
(etexcmds)             That can mean that you are not using pdfTeX 1.50 or
(etexcmds)             that some package has redefined \expanded.
(etexcmds)             In the latter case, load this package earlier.
)))
Package grfext Info: Graphics extension search list:
(grfext)             [.png,.pdf,.jpg,.mps,.jpeg,.jbig2,.jb2,.PNG,.PDF,.JPG,.JPE
G,.JBIG2,.JB2,.eps]
(grfext)             \AppendGraphicsExtensions on input line 452.

(/usr/local/texlive/2014/texmf-dist/tex/latex/latexconfig/epstopdf-sys.cfg
File: epstopdf-sys.cfg 2010/07/13 v1.3 Configuration of (r)epstopdf for TeX Liv
e
))
Package caption Info: Begin \AtBeginDocument code.
Package caption Info: End \AtBeginDocument code.

! Undefined control sequence.
<argument> \funding 
                    {This work is graciously supported by the Defense Advanc...
l.26 \maketitle
               
The control sequence at the end of the top line
of your error message was never \def'ed. If you have
misspelled it (e.g., `\hobx'), type `I' and the correct
spelling (e.g., `I\hbox'). Otherwise just continue,
and I'll forget about whatever was undefined.


Package natbib Warning: Citation `tukey1962future' on page 1 undefined on input
 line 37.


Package natbib Warning: Citation `swayne2003ggobi' on page 1 undefined on input
 line 41.


Package natbib Warning: Citation `valero2011using' on page 1 undefined on input
 line 41.


Underfull \vbox (badness 10000) has occurred while \output is active []

 [1
Non-PDF special ignored!{/usr/local/texlive/2014/texmf-var/fonts/map/pdftex/upd
map/pdftex.map}


]
<Figures/Iris/HeatmapRawnodendro.png, id=15, 550.6974pt x 397.485pt>
File: Figures/Iris/HeatmapRawnodendro.png Graphic file (type png)

<use Figures/Iris/HeatmapRawnodendro.png>
Package pdftex.def Info: Figures/Iris/HeatmapRawnodendro.png used on input line
 63.
(pdftex.def)             Requested size: 226.3233pt x 163.35806pt.

<Figures/Iris/HeatmapRanksDendro.png, id=17, 553.5882pt x 397.485pt>
File: Figures/Iris/HeatmapRanksDendro.png Graphic file (type png)

<use Figures/Iris/HeatmapRanksDendro.png>
Package pdftex.def Info: Figures/Iris/HeatmapRanksDendro.png used on input line
 68.
(pdftex.def)             Requested size: 226.3233pt x 162.50288pt.

<Figures/Iris/MarginalPetalWidthnocond.png, id=18, 598.3956pt x 241.8636pt>
File: Figures/Iris/MarginalPetalWidthnocond.png Graphic file (type png)

<use Figures/Iris/MarginalPetalWidthnocond.png>
Package pdftex.def Info: Figures/Iris/MarginalPetalWidthnocond.png used on inpu
t line 89.
(pdftex.def)             Requested size: 236.1579pt x 95.45203pt.

<Figures/Iris/MarginalPetalWidth.png, id=19, 597.9138pt x 241.8636pt>
File: Figures/Iris/MarginalPetalWidth.png Graphic file (type png)

<use Figures/Iris/MarginalPetalWidth.png>
Package pdftex.def Info: Figures/Iris/MarginalPetalWidth.png used on input line
 94.
(pdftex.def)             Requested size: 236.1579pt x 95.52953pt.

Underfull \vbox (badness 10000) has occurred while \output is active []


Underfull \vbox (badness 10000) has occurred while \output is active []

 [2 <./Figures/Iris/HeatmapRawnodendro.png> <./Figures/Iris/HeatmapRanksDendro.
png>]
<Figures/Iris/OutliersIris.png, id=26, 600.8046pt x 238.9728pt>
File: Figures/Iris/OutliersIris.png Graphic file (type png)

<use Figures/Iris/OutliersIris.png>
Package pdftex.def Info: Figures/Iris/OutliersIris.png used on input line 112.
(pdftex.def)             Requested size: 236.1579pt x 93.93193pt.


Package natbib Warning: Citation `hubert2008high' on page 3 undefined on input 
line 117.


Package natbib Warning: Citation `rousseeuw1999fast' on page 3 undefined on inp
ut line 117.


Package natbib Warning: Citation `maronna2002robust' on page 3 undefined on inp
ut line 117.


Package natbib Warning: Citation `hardin2012distribution' on page 3 undefined o
n input line 117.


Package natbib Warning: Citation `shi2012unsupervised' on page 3 undefined on i
nput line 124.

[3 <./Figures/Iris/MarginalPetalWidthnocond.png> <./Figures/Iris/MarginalPetalW
idth.png> <./Figures/Iris/OutliersIris.png>]
<Figures/Iris/ScatterColor.png, id=36, 572.8602pt x 448.074pt>
File: Figures/Iris/ScatterColor.png Graphic file (type png)

<use Figures/Iris/ScatterColor.png>
Package pdftex.def Info: Figures/Iris/ScatterColor.png used on input line 134.
(pdftex.def)             Requested size: 236.1579pt x 184.71657pt.

<Figures/Iris/LineColor.png, id=37, 572.8602pt x 448.074pt>
File: Figures/Iris/LineColor.png Graphic file (type png)

<use Figures/Iris/LineColor.png>
Package pdftex.def Info: Figures/Iris/LineColor.png used on input line 139.
(pdftex.def)             Requested size: 236.1579pt x 184.71657pt.

<Figures/Iris/EmbedRaw.png, id=38, 557.4426pt x 233.673pt>
File: Figures/Iris/EmbedRaw.png Graphic file (type png)

<use Figures/Iris/EmbedRaw.png>
Package pdftex.def Info: Figures/Iris/EmbedRaw.png used on input line 158.
(pdftex.def)             Requested size: 236.1579pt x 98.99416pt.

<Figures/Iris/EmbedZ.png, id=39, 556.9608pt x 234.1548pt>
File: Figures/Iris/EmbedZ.png Graphic file (type png)

<use Figures/Iris/EmbedZ.png>
Package pdftex.def Info: Figures/Iris/EmbedZ.png used on input line 163.
(pdftex.def)             Requested size: 236.1579pt x 99.28401pt.


Package natbib Warning: Citation `van2009dimensionality' on page 4 undefined on
 input line 172.


Package natbib Warning: Citation `van2008visualizing' on page 4 undefined on in
put line 172.


Underfull \vbox (badness 10000) has occurred while \output is active []

 [4 <./Figures/Iris/ScatterColor.png> <./Figures/Iris/LineColor.png>]
<Figures/Spect_Gender/NonClass_Baseline_Amygdala_L.png, id=45, 1151.80313pt x 4
05.38953pt>
File: Figures/Spect_Gender/NonClass_Baseline_Amygdala_L.png Graphic file (type 
png)
 <use Figures/Spect_Gender/NonClass_Baseline_Amygdala_L.png>
Package pdftex.def Info: Figures/Spect_Gender/NonClass_Baseline_Amygdala_L.png 
used on input line 183.
(pdftex.def)             Requested size: 236.1579pt x 83.11775pt.

<Figures/Spect_Gender/Baseline_Amygdala_L_Marginal.png, id=46, 1151.80313pt x 4
05.38953pt>
File: Figures/Spect_Gender/Baseline_Amygdala_L_Marginal.png Graphic file (type 
png)
 <use Figures/Spect_Gender/Baseline_Amygdala_L_Marginal.png>
Package pdftex.def Info: Figures/Spect_Gender/Baseline_Amygdala_L_Marginal.png 
used on input line 188.
(pdftex.def)             Requested size: 236.1579pt x 83.11775pt.

Underfull \vbox (badness 3792) has occurred while \output is active []


Underfull \vbox (badness 10000) has occurred while \output is active []

 [5 <./Figures/Iris/EmbedRaw.png> <./Figures/Iris/EmbedZ.png> <./Figures/Spect_
Gender/NonClass_Baseline_Amygdala_L.png (PNG copy)> <./Figures/Spect_Gender/Bas
eline_Amygdala_L_Marginal.png (PNG copy)>]
<Figures/Spect_Gender/OutlierPlot.png, id=52, 1151.80313pt x 405.38953pt>
File: Figures/Spect_Gender/OutlierPlot.png Graphic file (type png)

<use Figures/Spect_Gender/OutlierPlot.png>
Package pdftex.def Info: Figures/Spect_Gender/OutlierPlot.png used on input lin
e 205.
(pdftex.def)             Requested size: 236.1579pt x 83.11775pt.
 (./MX_SIAM_soda2e.bbl)

Package natbib Warning: There were undefined citations.

[6

 <./Figures/Spect_Gender/OutlierPlot.png (PNG copy)>] (./MX_SIAM_soda2e.aux) ) 
Here is how much of TeX's memory you used:
 4645 strings out of 493117
 70246 string characters out of 6135433
 141453 words of memory out of 5000000
 8020 multiletter control sequences out of 15000+600000
 9896 words of font info for 36 fonts, out of 8000000 for 9000
 1141 hyphenation exceptions out of 8191
 42i,14n,75p,1374b,508s stack positions out of 5000i,500n,10000p,200000b,80000s
<
/usr/local/texlive/2014/texmf-dist/fonts/type1/public/amsfonts/cm/cmbx10.pfb></
usr/local/texlive/2014/texmf-dist/fonts/type1/public/amsfonts/cm/cmmi10.pfb></u
sr/local/texlive/2014/texmf-dist/fonts/type1/public/amsfonts/cm/cmmi7.pfb></usr
/local/texlive/2014/texmf-dist/fonts/type1/public/amsfonts/cm/cmr10.pfb></usr/l
ocal/texlive/2014/texmf-dist/fonts/type1/public/amsfonts/cm/cmr12.pfb></usr/loc
al/texlive/2014/texmf-dist/fonts/type1/public/amsfonts/cm/cmr17.pfb></usr/local
/texlive/2014/texmf-dist/fonts/type1/public/amsfonts/cm/cmr7.pfb></usr/local/te
xlive/2014/texmf-dist/fonts/type1/public/amsfonts/cm/cmr8.pfb></usr/local/texli
ve/2014/texmf-dist/fonts/type1/public/amsfonts/cm/cmr9.pfb></usr/local/texlive/
2014/texmf-dist/fonts/type1/public/amsfonts/cm/cmsy10.pfb></usr/local/texlive/2
014/texmf-dist/fonts/type1/public/amsfonts/cm/cmsy6.pfb></usr/local/texlive/201
4/texmf-dist/fonts/type1/public/amsfonts/cm/cmsy8.pfb></usr/local/texlive/2014/
texmf-dist/fonts/type1/public/amsfonts/cm/cmti10.pfb>
Output written on MX_SIAM_soda2e.pdf (6 pages, 1466260 bytes).
PDF statistics:
 97 PDF objects out of 1000 (max. 8388607)
 54 compressed objects within 1 object stream
 0 named destinations out of 1000 (max. 500000)
 61 words of extra memory for PDF output out of 10000 (max. 10000000)

