This is pdfTeX, Version 3.14159265-2.6-1.40.15 (MiKTeX 2.9 64-bit) (preloaded format=pdflatex 2015.5.22)  11 MAY 2016 16:44
entering extended mode
**MXPaper.tex
(MXPaper.tex
LaTeX2e <2014/05/01>
Babel <3.9l> and hyphenation patterns for 68 languages loaded.
("C:\Program Files\MiKTeX 2.9\tex\latex\base\article.cls"
Document Class: article 2014/09/29 v1.4h Standard LaTeX document class
("C:\Program Files\MiKTeX 2.9\tex\latex\base\size12.clo"
File: size12.clo 2014/09/29 v1.4h Standard LaTeX file (size option)
)
\c@part=\count79
\c@section=\count80
\c@subsection=\count81
\c@subsubsection=\count82
\c@paragraph=\count83
\c@subparagraph=\count84
\c@figure=\count85
\c@table=\count86
\abovecaptionskip=\skip41
\belowcaptionskip=\skip42
\bibindent=\dimen102
)
("C:\Program Files\MiKTeX 2.9\tex\latex\amsmath\amsmath.sty"
Package: amsmath 2013/01/14 v2.14 AMS math features
\@mathmargin=\skip43

For additional information on amsmath, use the `?' option.
("C:\Program Files\MiKTeX 2.9\tex\latex\amsmath\amstext.sty"
Package: amstext 2000/06/29 v2.01

("C:\Program Files\MiKTeX 2.9\tex\latex\amsmath\amsgen.sty"
File: amsgen.sty 1999/11/30 v2.0
\@emptytoks=\toks14
\ex@=\dimen103
))
("C:\Program Files\MiKTeX 2.9\tex\latex\amsmath\amsbsy.sty"
Package: amsbsy 1999/11/29 v1.2d
\pmbraise@=\dimen104
)
("C:\Program Files\MiKTeX 2.9\tex\latex\amsmath\amsopn.sty"
Package: amsopn 1999/12/14 v2.01 operator names
)
\inf@bad=\count87
LaTeX Info: Redefining \frac on input line 210.
\uproot@=\count88
\leftroot@=\count89
LaTeX Info: Redefining \overline on input line 306.
\classnum@=\count90
\DOTSCASE@=\count91
LaTeX Info: Redefining \ldots on input line 378.
LaTeX Info: Redefining \dots on input line 381.
LaTeX Info: Redefining \cdots on input line 466.
\Mathstrutbox@=\box26
\strutbox@=\box27
\big@size=\dimen105
LaTeX Font Info:    Redeclaring font encoding OML on input line 566.
LaTeX Font Info:    Redeclaring font encoding OMS on input line 567.
\macc@depth=\count92
\c@MaxMatrixCols=\count93
\dotsspace@=\muskip10
\c@parentequation=\count94
\dspbrk@lvl=\count95
\tag@help=\toks15
\row@=\count96
\column@=\count97
\maxfields@=\count98
\andhelp@=\toks16
\eqnshift@=\dimen106
\alignsep@=\dimen107
\tagshift@=\dimen108
\tagwidth@=\dimen109
\totwidth@=\dimen110
\lineht@=\dimen111
\@envbody=\toks17
\multlinegap=\skip44
\multlinetaggap=\skip45
\mathdisplay@stack=\toks18
LaTeX Info: Redefining \[ on input line 2665.
LaTeX Info: Redefining \] on input line 2666.
)
("C:\Program Files\MiKTeX 2.9\tex\latex\graphics\graphicx.sty"
Package: graphicx 2014/10/28 v1.0g Enhanced LaTeX Graphics (DPC,SPQR)

("C:\Program Files\MiKTeX 2.9\tex\latex\graphics\keyval.sty"
Package: keyval 2014/10/28 v1.15 key=value parser (DPC)
\KV@toks@=\toks19
)
("C:\Program Files\MiKTeX 2.9\tex\latex\graphics\graphics.sty"
Package: graphics 2014/10/28 v1.0p Standard LaTeX Graphics (DPC,SPQR)

("C:\Program Files\MiKTeX 2.9\tex\latex\graphics\trig.sty"
Package: trig 1999/03/16 v1.09 sin cos tan (DPC)
)
("C:\Program Files\MiKTeX 2.9\tex\latex\00miktex\graphics.cfg"
File: graphics.cfg 2007/01/18 v1.5 graphics configuration of teTeX/TeXLive
)
Package graphics Info: Driver file: pdftex.def on input line 91.

("C:\Program Files\MiKTeX 2.9\tex\latex\pdftex-def\pdftex.def"
File: pdftex.def 2011/05/27 v0.06d Graphics/color for pdfTeX

("C:\Program Files\MiKTeX 2.9\tex\generic\oberdiek\infwarerr.sty"
Package: infwarerr 2010/04/08 v1.3 Providing info/warning/error messages (HO)
)
("C:\Program Files\MiKTeX 2.9\tex\generic\oberdiek\ltxcmds.sty"
Package: ltxcmds 2011/11/09 v1.22 LaTeX kernel commands for general use (HO)
)
\Gread@gobject=\count99
))
\Gin@req@height=\dimen112
\Gin@req@width=\dimen113
)
("C:\Program Files\MiKTeX 2.9\tex\latex\psfrag\psfrag.sty"
Package: psfrag 1998/04/11 v3.04 PSfrag (MCG)
\pfg@pcount=\count100
\pfg@scount=\count101
\pfg@temp=\write3
)
("C:\Program Files\MiKTeX 2.9\tex\latex\epsf\epsf.sty"
This is `epsf.tex' v2.7.4 <14 February 2011>
\epsffilein=\read1
\epsfframemargin=\dimen114
\epsfframethickness=\dimen115
\epsfrsize=\dimen116
\epsftmp=\dimen117
\epsftsize=\dimen118
\epsfxsize=\dimen119
\epsfysize=\dimen120
\pspoints=\dimen121
) ("C:\Program Files\MiKTeX 2.9\tex\latex\caption\subcaption.sty"
Package: subcaption 2013/02/03 v1.1-62 Sub-captions (AR)

("C:\Program Files\MiKTeX 2.9\tex\latex\caption\caption.sty"
Package: caption 2013/05/02 v3.3-89 Customizing captions (AR)

("C:\Program Files\MiKTeX 2.9\tex\latex\caption\caption3.sty"
Package: caption3 2013/05/02 v1.6-88 caption3 kernel (AR)
Package caption3 Info: TeX engine: e-TeX on input line 57.
\captionmargin=\dimen122
\captionmargin@=\dimen123
\captionwidth=\dimen124
\caption@tempdima=\dimen125
\caption@indent=\dimen126
\caption@parindent=\dimen127
\caption@hangindent=\dimen128
)
\c@ContinuedFloat=\count102
)
\c@subfigure=\count103
\c@subtable=\count104
)
("C:\Program Files\MiKTeX 2.9\tex\latex\tools\enumerate.sty"
Package: enumerate 2014/10/28 v3.00 enumerate extensions (DPC)
\@enLab=\toks20
)
("C:\Program Files\MiKTeX 2.9\tex\latex\natbib\natbib.sty"
Package: natbib 2010/09/13 8.31b (PWD, AO)
\bibhang=\skip46
\bibsep=\skip47
LaTeX Info: Redefining \cite on input line 694.
\c@NAT@ctr=\count105
)
("C:\Program Files\MiKTeX 2.9\tex\latex\url\url.sty"
\Urlmuskip=\muskip11
Package: url 2013/09/16  ver 3.4  Verb mode for urls, etc.
) (MXPaper.aux)
LaTeX Font Info:    Checking defaults for OML/cmm/m/it on input line 20.
LaTeX Font Info:    ... okay on input line 20.
LaTeX Font Info:    Checking defaults for T1/cmr/m/n on input line 20.
LaTeX Font Info:    ... okay on input line 20.
LaTeX Font Info:    Checking defaults for OT1/cmr/m/n on input line 20.
LaTeX Font Info:    ... okay on input line 20.
LaTeX Font Info:    Checking defaults for OMS/cmsy/m/n on input line 20.
LaTeX Font Info:    ... okay on input line 20.
LaTeX Font Info:    Checking defaults for OMX/cmex/m/n on input line 20.
LaTeX Font Info:    ... okay on input line 20.
LaTeX Font Info:    Checking defaults for U/cmr/m/n on input line 20.
LaTeX Font Info:    ... okay on input line 20.

("C:\Program Files\MiKTeX 2.9\tex\context\base\supp-pdf.mkii"
[Loading MPS to PDF converter (version 2006.09.02).]
\scratchcounter=\count106
\scratchdimen=\dimen129
\scratchbox=\box28
\nofMPsegments=\count107
\nofMParguments=\count108
\everyMPshowfont=\toks21
\MPscratchCnt=\count109
\MPscratchDim=\dimen130
\MPnumerator=\count110
\makeMPintoPDFobject=\count111
\everyMPtoPDFconversion=\toks22
)
Package caption Info: Begin \AtBeginDocument code.
Package caption Info: End \AtBeginDocument code.
 [1
Non-PDF special ignored!

{C:/ProgramData/MiKTeX/2.9/pdftex/config/pdftex.map}]
<Figures/Upload_Raw.png, id=13, 899.73349pt x 505.32977pt>
File: Figures/Upload_Raw.png Graphic file (type png)

<use Figures/Upload_Raw.png>
Package pdftex.def Info: Figures/Upload_Raw.png used on input line 83.
(pdftex.def)             Requested size: 208.02008pt x 116.83253pt.

<Figures/Heatmap_Raw.png, id=15, 899.17325pt x 505.32977pt>
File: Figures/Heatmap_Raw.png Graphic file (type png)

<use Figures/Heatmap_Raw.png>
Package pdftex.def Info: Figures/Heatmap_Raw.png used on input line 88.
(pdftex.def)             Requested size: 208.02008pt x 116.90193pt.

<Figures/Sample_Raw.png, id=16, 770.88pt x 433.62pt>
File: Figures/Sample_Raw.png Graphic file (type png)

<use Figures/Sample_Raw.png>
Package pdftex.def Info: Figures/Sample_Raw.png used on input line 93.
(pdftex.def)             Requested size: 208.02008pt x 117.00618pt.

<Figures/Outliers_Raw.png, id=17, 899.73349pt x 505.89pt>
File: Figures/Outliers_Raw.png Graphic file (type png)

<use Figures/Outliers_Raw.png>
Package pdftex.def Info: Figures/Outliers_Raw.png used on input line 98.
(pdftex.def)             Requested size: 208.02008pt x 116.96207pt.

<Figures/Correlation_Raw.png, id=18, 899.73349pt x 505.89pt>
File: Figures/Correlation_Raw.png Graphic file (type png)

<use Figures/Correlation_Raw.png>
Package pdftex.def Info: Figures/Correlation_Raw.png used on input line 103.
(pdftex.def)             Requested size: 208.02008pt x 116.96207pt.

<Figures/Feature_Raw.png, id=19, 899.17325pt x 505.32977pt>
File: Figures/Feature_Raw.png Graphic file (type png)

<use Figures/Feature_Raw.png>
Package pdftex.def Info: Figures/Feature_Raw.png used on input line 108.
(pdftex.def)             Requested size: 208.02008pt x 116.90193pt.

<Figures/Embedding_Raw.png, id=20, 899.73349pt x 505.89pt>
File: Figures/Embedding_Raw.png Graphic file (type png)

<use Figures/Embedding_Raw.png>
Package pdftex.def Info: Figures/Embedding_Raw.png used on input line 113.
(pdftex.def)             Requested size: 208.02008pt x 116.96207pt.


LaTeX Warning: Float too large for page by 109.46036pt on input line 118.

[2] [3 <./Figures/Upload_Raw.png> <./Figures/Heatmap_Raw.png> <./Figures/Sample
_Raw.png> <./Figures/Outliers_Raw.png> <./Figures/Correlation_Raw.png> <./Figur
es/Feature_Raw.png> <./Figures/Embedding_Raw.png>] [4] [5]
<Figures/Iris/MarginalPetalLength.png, id=43, 899.17325pt x 289.08pt>
File: Figures/Iris/MarginalPetalLength.png Graphic file (type png)

<use Figures/Iris/MarginalPetalLength.png>
Package pdftex.def Info: Figures/Iris/MarginalPetalLength.png used on input lin
e 166.
(pdftex.def)             Requested size: 369.8174pt x 118.89409pt.

<Figures/Iris/MarginalPetalWidth.png, id=44, 899.17325pt x 289.08pt>
File: Figures/Iris/MarginalPetalWidth.png Graphic file (type png)

<use Figures/Iris/MarginalPetalWidth.png>
Package pdftex.def Info: Figures/Iris/MarginalPetalWidth.png used on input line
 170.
(pdftex.def)             Requested size: 369.8174pt x 118.89409pt.

<Figures/Iris/MarginalSepalLength.png, id=45, 899.17325pt x 289.08pt>
File: Figures/Iris/MarginalSepalLength.png Graphic file (type png)

<use Figures/Iris/MarginalSepalLength.png>
Package pdftex.def Info: Figures/Iris/MarginalSepalLength.png used on input lin
e 174.
(pdftex.def)             Requested size: 369.8174pt x 118.89409pt.

<Figures/Iris/MarginalSepalWidth.png, id=46, 899.73349pt x 288.5982pt>
File: Figures/Iris/MarginalSepalWidth.png Graphic file (type png)

<use Figures/Iris/MarginalSepalWidth.png>
Package pdftex.def Info: Figures/Iris/MarginalSepalWidth.png used on input line
 178.
(pdftex.def)             Requested size: 369.8174pt x 118.62106pt.


LaTeX Warning: Float too large for page by 11.8067pt on input line 183.

<Figures/Iris/OutliersIris.png, id=47, 899.73349pt x 505.89pt>
File: Figures/Iris/OutliersIris.png Graphic file (type png)

<use Figures/Iris/OutliersIris.png>
Package pdftex.def Info: Figures/Iris/OutliersIris.png used on input line 188.
(pdftex.def)             Requested size: 369.8174pt x 207.93343pt.
 <fig1.pdf, id=48, 409.53pt x 406.51875pt>
File: fig1.pdf Graphic file (type pdf)

<use fig1.pdf>
Package pdftex.def Info: fig1.pdf used on input line 193.
(pdftex.def)             Requested size: 369.8174pt x 367.12268pt.


LaTeX Warning: Float too large for page by 121.19444pt on input line 198.

[6] [7 <./Figures/Iris/MarginalPetalLength.png> <./Figures/Iris/MarginalPetalWi
dth.png> <./Figures/Iris/MarginalSepalLength.png> <./Figures/Iris/MarginalSepal
Width.png>] [8] (MXPaper.bbl [9]) [10] [11 <./Figures/Iris/OutliersIris.png> <.
/fig1.pdf>] (MXPaper.aux) ) 
Here is how much of TeX's memory you used:
 3528 strings out of 493698
 51242 string characters out of 3144403
 115445 words of memory out of 3000000
 6830 multiletter control sequences out of 15000+200000
 11461 words of font info for 41 fonts, out of 3000000 for 9000
 1025 hyphenation exceptions out of 8191
 42i,13n,40p,1162b,436s stack positions out of 5000i,500n,10000p,200000b,50000s
<C:/Program Files/MiKTeX 2.9/fonts/type1/public/amsf
onts/cm/cmbx10.pfb><C:/Program Files/MiKTeX 2.9/fonts/type1/public/amsfonts/cm/
cmbx12.pfb><C:/Program Files/MiKTeX 2.9/fonts/type1/public/amsfonts/cm/cmmi12.p
fb><C:/Program Files/MiKTeX 2.9/fonts/type1/public/amsfonts/cm/cmmi8.pfb><C:/Pr
ogram Files/MiKTeX 2.9/fonts/type1/public/amsfonts/cm/cmr10.pfb><C:/Program Fil
es/MiKTeX 2.9/fonts/type1/public/amsfonts/cm/cmr12.pfb><C:/Program Files/MiKTeX
 2.9/fonts/type1/public/amsfonts/cm/cmr8.pfb><C:/Program Files/MiKTeX 2.9/fonts
/type1/public/amsfonts/cm/cmsy10.pfb><C:/Program Files/MiKTeX 2.9/fonts/type1/p
ublic/amsfonts/cm/cmsy7.pfb><C:/Program Files/MiKTeX 2.9/fonts/type1/public/ams
fonts/cm/cmti10.pfb><C:/Program Files/MiKTeX 2.9/fonts/type1/public/amsfonts/cm
/cmti12.pfb>
Output written on MXPaper.pdf (11 pages, 1571680 bytes).
PDF statistics:
 112 PDF objects out of 1000 (max. 8388607)
 0 named destinations out of 1000 (max. 500000)
 66 words of extra memory for PDF output out of 10000 (max. 10000000)

