This is pdfTeX, Version 3.14159265-2.6-1.40.15 (MiKTeX 2.9 64-bit) (preloaded format=pdflatex 2015.5.22)  12 SEP 2016 17:15
entering extended mode
**MXPaper.tex
(MXPaper.tex
LaTeX2e <2014/05/01>
Babel <3.9l> and hyphenation patterns for 68 languages loaded.
("C:\Program Files\MiKTeX 2.9\tex\latex\base\article.cls"
Document Class: article 2014/09/29 v1.4h Standard LaTeX document class
("C:\Program Files\MiKTeX 2.9\tex\latex\base\size12.clo"
File: size12.clo 2014/09/29 v1.4h Standard LaTeX file (size option)
)
\c@part=\count79
\c@section=\count80
\c@subsection=\count81
\c@subsubsection=\count82
\c@paragraph=\count83
\c@subparagraph=\count84
\c@figure=\count85
\c@table=\count86
\abovecaptionskip=\skip41
\belowcaptionskip=\skip42
\bibindent=\dimen102
)
("C:\Program Files\MiKTeX 2.9\tex\latex\amsmath\amsmath.sty"
Package: amsmath 2013/01/14 v2.14 AMS math features
\@mathmargin=\skip43

For additional information on amsmath, use the `?' option.
("C:\Program Files\MiKTeX 2.9\tex\latex\amsmath\amstext.sty"
Package: amstext 2000/06/29 v2.01

("C:\Program Files\MiKTeX 2.9\tex\latex\amsmath\amsgen.sty"
File: amsgen.sty 1999/11/30 v2.0
\@emptytoks=\toks14
\ex@=\dimen103
))
("C:\Program Files\MiKTeX 2.9\tex\latex\amsmath\amsbsy.sty"
Package: amsbsy 1999/11/29 v1.2d
\pmbraise@=\dimen104
)
("C:\Program Files\MiKTeX 2.9\tex\latex\amsmath\amsopn.sty"
Package: amsopn 1999/12/14 v2.01 operator names
)
\inf@bad=\count87
LaTeX Info: Redefining \frac on input line 210.
\uproot@=\count88
\leftroot@=\count89
LaTeX Info: Redefining \overline on input line 306.
\classnum@=\count90
\DOTSCASE@=\count91
LaTeX Info: Redefining \ldots on input line 378.
LaTeX Info: Redefining \dots on input line 381.
LaTeX Info: Redefining \cdots on input line 466.
\Mathstrutbox@=\box26
\strutbox@=\box27
\big@size=\dimen105
LaTeX Font Info:    Redeclaring font encoding OML on input line 566.
LaTeX Font Info:    Redeclaring font encoding OMS on input line 567.
\macc@depth=\count92
\c@MaxMatrixCols=\count93
\dotsspace@=\muskip10
\c@parentequation=\count94
\dspbrk@lvl=\count95
\tag@help=\toks15
\row@=\count96
\column@=\count97
\maxfields@=\count98
\andhelp@=\toks16
\eqnshift@=\dimen106
\alignsep@=\dimen107
\tagshift@=\dimen108
\tagwidth@=\dimen109
\totwidth@=\dimen110
\lineht@=\dimen111
\@envbody=\toks17
\multlinegap=\skip44
\multlinetaggap=\skip45
\mathdisplay@stack=\toks18
LaTeX Info: Redefining \[ on input line 2665.
LaTeX Info: Redefining \] on input line 2666.
)
("C:\Program Files\MiKTeX 2.9\tex\latex\graphics\graphicx.sty"
Package: graphicx 2014/10/28 v1.0g Enhanced LaTeX Graphics (DPC,SPQR)

("C:\Program Files\MiKTeX 2.9\tex\latex\graphics\keyval.sty"
Package: keyval 2014/10/28 v1.15 key=value parser (DPC)
\KV@toks@=\toks19
)
("C:\Program Files\MiKTeX 2.9\tex\latex\graphics\graphics.sty"
Package: graphics 2014/10/28 v1.0p Standard LaTeX Graphics (DPC,SPQR)

("C:\Program Files\MiKTeX 2.9\tex\latex\graphics\trig.sty"
Package: trig 1999/03/16 v1.09 sin cos tan (DPC)
)
("C:\Program Files\MiKTeX 2.9\tex\latex\00miktex\graphics.cfg"
File: graphics.cfg 2007/01/18 v1.5 graphics configuration of teTeX/TeXLive
)
Package graphics Info: Driver file: pdftex.def on input line 91.

("C:\Program Files\MiKTeX 2.9\tex\latex\pdftex-def\pdftex.def"
File: pdftex.def 2011/05/27 v0.06d Graphics/color for pdfTeX

("C:\Program Files\MiKTeX 2.9\tex\generic\oberdiek\infwarerr.sty"
Package: infwarerr 2010/04/08 v1.3 Providing info/warning/error messages (HO)
)
("C:\Program Files\MiKTeX 2.9\tex\generic\oberdiek\ltxcmds.sty"
Package: ltxcmds 2011/11/09 v1.22 LaTeX kernel commands for general use (HO)
)
\Gread@gobject=\count99
))
\Gin@req@height=\dimen112
\Gin@req@width=\dimen113
)
("C:\Program Files\MiKTeX 2.9\tex\latex\psfrag\psfrag.sty"
Package: psfrag 1998/04/11 v3.04 PSfrag (MCG)
\pfg@pcount=\count100
\pfg@scount=\count101
\pfg@temp=\write3
)
("C:\Program Files\MiKTeX 2.9\tex\latex\epsf\epsf.sty"
This is `epsf.tex' v2.7.4 <14 February 2011>
\epsffilein=\read1
\epsfframemargin=\dimen114
\epsfframethickness=\dimen115
\epsfrsize=\dimen116
\epsftmp=\dimen117
\epsftsize=\dimen118
\epsfxsize=\dimen119
\epsfysize=\dimen120
\pspoints=\dimen121
) ("C:\Program Files\MiKTeX 2.9\tex\latex\caption\subcaption.sty"
Package: subcaption 2013/02/03 v1.1-62 Sub-captions (AR)

("C:\Program Files\MiKTeX 2.9\tex\latex\caption\caption.sty"
Package: caption 2013/05/02 v3.3-89 Customizing captions (AR)

("C:\Program Files\MiKTeX 2.9\tex\latex\caption\caption3.sty"
Package: caption3 2013/05/02 v1.6-88 caption3 kernel (AR)
Package caption3 Info: TeX engine: e-TeX on input line 57.
\captionmargin=\dimen122
\captionmargin@=\dimen123
\captionwidth=\dimen124
\caption@tempdima=\dimen125
\caption@indent=\dimen126
\caption@parindent=\dimen127
\caption@hangindent=\dimen128
)
\c@ContinuedFloat=\count102
)
\c@subfigure=\count103
\c@subtable=\count104
)
("C:\Program Files\MiKTeX 2.9\tex\latex\tools\enumerate.sty"
Package: enumerate 2014/10/28 v3.00 enumerate extensions (DPC)
\@enLab=\toks20
)
("C:\Program Files\MiKTeX 2.9\tex\latex\natbib\natbib.sty"
Package: natbib 2010/09/13 8.31b (PWD, AO)
\bibhang=\skip46
\bibsep=\skip47
LaTeX Info: Redefining \cite on input line 694.
\c@NAT@ctr=\count105
)
("C:\Program Files\MiKTeX 2.9\tex\latex\url\url.sty"
\Urlmuskip=\muskip11
Package: url 2013/09/16  ver 3.4  Verb mode for urls, etc.
)
("C:\Program Files\MiKTeX 2.9\tex\latex\adjustbox\adjustbox.sty"
Package: adjustbox 2012/05/21 v1.0 Adjusting TeX boxes (trim, clip, ...)

("C:\Program Files\MiKTeX 2.9\tex\latex\xkeyval\xkeyval.sty"
Package: xkeyval 2014/12/03 v2.7a package option processing (HA)

("C:\Program Files\MiKTeX 2.9\tex\generic\xkeyval\xkeyval.tex"
("C:\Program Files\MiKTeX 2.9\tex\generic\xkeyval\xkvutils.tex"
\XKV@toks=\toks21
\XKV@tempa@toks=\toks22
)
\XKV@depth=\count106
File: xkeyval.tex 2014/12/03 v2.7a key=value parser (HA)
))
("C:\Program Files\MiKTeX 2.9\tex\latex\adjustbox\adjcalc.sty"
Package: adjcalc 2012/05/16 v1.1 Provides advanced setlength with multiple back
-ends (calc, etex, pgfmath)
)
("C:\Program Files\MiKTeX 2.9\tex\latex\adjustbox\trimclip.sty"
Package: trimclip 2012/05/16 v1.0 Trim and clip general TeX material

("C:\Program Files\MiKTeX 2.9\tex\latex\collectbox\collectbox.sty"
Package: collectbox 2012/05/17 v0.4b Collect macro arguments as boxes
\collectedbox=\box28
)
\tc@llx=\dimen129
\tc@lly=\dimen130
\tc@urx=\dimen131
\tc@ury=\dimen132
Package trimclip Info: Using driver 'tc-pdftex.def'.

("C:\Program Files\MiKTeX 2.9\tex\latex\adjustbox\tc-pdftex.def"
File: tc-pdftex.def 2012/05/13 v1.0 Clipping driver for pdftex
))
\adjbox@Width=\dimen133
\adjbox@Height=\dimen134
\adjbox@Depth=\dimen135
\adjbox@Totalheight=\dimen136

("C:\Program Files\MiKTeX 2.9\tex\latex\ifoddpage\ifoddpage.sty"
Package: ifoddpage 2011/09/13 v1.0 Conditionals for odd/even page detection
\c@checkoddpage=\count107
)
("C:\Program Files\MiKTeX 2.9\tex\latex\ltxmisc\varwidth.sty"
Package: varwidth 2009/03/30 ver 0.92;  Variable-width minipages
\@vwid@box=\box29
\sift@deathcycles=\count108
\@vwid@loff=\dimen137
\@vwid@roff=\dimen138
))
("C:\Program Files\MiKTeX 2.9\tex\latex\preprint\authblk.sty"
Package: authblk 2001/02/27 1.3 (PWD)
\affilsep=\skip48
\@affilsep=\skip49
\c@Maxaffil=\count109
\c@authors=\count110
\c@affil=\count111
) (MXPaper.aux)
LaTeX Font Info:    Checking defaults for OML/cmm/m/it on input line 22.
LaTeX Font Info:    ... okay on input line 22.
LaTeX Font Info:    Checking defaults for T1/cmr/m/n on input line 22.
LaTeX Font Info:    ... okay on input line 22.
LaTeX Font Info:    Checking defaults for OT1/cmr/m/n on input line 22.
LaTeX Font Info:    ... okay on input line 22.
LaTeX Font Info:    Checking defaults for OMS/cmsy/m/n on input line 22.
LaTeX Font Info:    ... okay on input line 22.
LaTeX Font Info:    Checking defaults for OMX/cmex/m/n on input line 22.
LaTeX Font Info:    ... okay on input line 22.
LaTeX Font Info:    Checking defaults for U/cmr/m/n on input line 22.
LaTeX Font Info:    ... okay on input line 22.

("C:\Program Files\MiKTeX 2.9\tex\context\base\supp-pdf.mkii"
[Loading MPS to PDF converter (version 2006.09.02).]
\scratchcounter=\count112
\scratchdimen=\dimen139
\scratchbox=\box30
\nofMPsegments=\count113
\nofMParguments=\count114
\everyMPshowfont=\toks23
\MPscratchCnt=\count115
\MPscratchDim=\dimen140
\MPnumerator=\count116
\makeMPintoPDFobject=\count117
\everyMPtoPDFconversion=\toks24
)
Package caption Info: Begin \AtBeginDocument code.
Package caption Info: End \AtBeginDocument code.
 [1
Non-PDF special ignored!

{C:/ProgramData/MiKTeX/2.9/pdftex/config/pdftex.map}]
[2]
Overfull \hbox (1.94235pt too wide) in paragraph at lines 91--92
[]\OT1/cmr/bx/n/12 a 
 []

<Figures/Iris/HeatmapRawnodendro.png, id=16, 550.6974pt x 397.485pt>
File: Figures/Iris/HeatmapRawnodendro.png Graphic file (type png)

<use Figures/Iris/HeatmapRawnodendro.png>
Package pdftex.def Info: Figures/Iris/HeatmapRawnodendro.png used on input line
 94.
(pdftex.def)             Requested size: 212.6473pt x 153.48404pt.

Overfull \hbox (2.87985pt too wide) in paragraph at lines 99--100
[]\OT1/cmr/bx/n/12 b 
 []

<Figures/Iris/HeatmapRanksDendro.png, id=18, 553.5882pt x 397.485pt>
File: Figures/Iris/HeatmapRanksDendro.png Graphic file (type png)

<use Figures/Iris/HeatmapRanksDendro.png>
Package pdftex.def Info: Figures/Iris/HeatmapRanksDendro.png used on input line
 102.
(pdftex.def)             Requested size: 212.6473pt x 152.68344pt.
 [3]
Overfull \hbox (1.94235pt too wide) in paragraph at lines 123--124
[]\OT1/cmr/bx/n/12 a 
 []

<Figures/Iris/MarginalPetalWidthnocond.png, id=22, 598.3956pt x 241.8636pt>
File: Figures/Iris/MarginalPetalWidthnocond.png Graphic file (type png)

<use Figures/Iris/MarginalPetalWidthnocond.png>
Package pdftex.def Info: Figures/Iris/MarginalPetalWidthnocond.png used on inpu
t line 126.
(pdftex.def)             Requested size: 221.88762pt x 89.68372pt.

Overfull \hbox (2.87985pt too wide) in paragraph at lines 131--132
[]\OT1/cmr/bx/n/12 b 
 []

<Figures/Iris/MarginalPetalWidth.png, id=23, 597.9138pt x 241.8636pt>
File: Figures/Iris/MarginalPetalWidth.png Graphic file (type png)

<use Figures/Iris/MarginalPetalWidth.png>
Package pdftex.def Info: Figures/Iris/MarginalPetalWidth.png used on input line
 134.
(pdftex.def)             Requested size: 221.88762pt x 89.75385pt.
 [4 <./Figures/Iris/HeatmapRawnodendro.png> <./Figures/Iris/HeatmapRanksDendro.
png>]
<Figures/Iris/OutliersIris.png, id=29, 600.8046pt x 238.9728pt>
File: Figures/Iris/OutliersIris.png Graphic file (type png)

<use Figures/Iris/OutliersIris.png>
Package pdftex.def Info: Figures/Iris/OutliersIris.png used on input line 152.
(pdftex.def)             Requested size: 439.15508pt x 174.68205pt.
 [5 <./Figures/Iris/MarginalPetalWidthnocond.png> <./Figures/Iris/MarginalPetal
Width.png>] [6 <./Figures/Iris/OutliersIris.png>]
Overfull \hbox (1.94235pt too wide) in paragraph at lines 174--175
[]\OT1/cmr/bx/n/12 a 
 []

<Figures/Iris/ScatterColor.png, id=42, 572.8602pt x 448.074pt>
File: Figures/Iris/ScatterColor.png Graphic file (type png)

<use Figures/Iris/ScatterColor.png>
Package pdftex.def Info: Figures/Iris/ScatterColor.png used on input line 177.
(pdftex.def)             Requested size: 221.88762pt x 173.55167pt.

Overfull \hbox (2.87985pt too wide) in paragraph at lines 182--183
[]\OT1/cmr/bx/n/12 b 
 []

<Figures/Iris/LineColor.png, id=43, 572.8602pt x 448.074pt>
File: Figures/Iris/LineColor.png Graphic file (type png)

<use Figures/Iris/LineColor.png>
Package pdftex.def Info: Figures/Iris/LineColor.png used on input line 185.
(pdftex.def)             Requested size: 221.88762pt x 173.55167pt.
 [7]
Overfull \hbox (1.94235pt too wide) in paragraph at lines 204--205
[]\OT1/cmr/bx/n/12 a 
 []

<Figures/Iris/EmbedRaw.png, id=48, 557.4426pt x 233.673pt>
File: Figures/Iris/EmbedRaw.png Graphic file (type png)

<use Figures/Iris/EmbedRaw.png>
Package pdftex.def Info: Figures/Iris/EmbedRaw.png used on input line 207.
(pdftex.def)             Requested size: 221.88762pt x 93.01114pt.

Overfull \hbox (2.87985pt too wide) in paragraph at lines 212--213
[]\OT1/cmr/bx/n/12 b 
 []

<Figures/Iris/EmbedZ.png, id=49, 556.9608pt x 234.1548pt>
File: Figures/Iris/EmbedZ.png Graphic file (type png)

<use Figures/Iris/EmbedZ.png>
Package pdftex.def Info: Figures/Iris/EmbedZ.png used on input line 215.
(pdftex.def)             Requested size: 221.88762pt x 93.2851pt.
 [8 <./Figures/Iris/ScatterColor.png> <./Figures/Iris/LineColor.png>]
Overfull \hbox (1.94235pt too wide) in paragraph at lines 235--236
[]\OT1/cmr/bx/n/12 a 
 []


<Figures/Spect_Gender/NonClass_Baseline_Amygdala_L.png, id=55, 1151.80313pt x 4
05.38953pt>
File: Figures/Spect_Gender/NonClass_Baseline_Amygdala_L.png Graphic file (type 
png)
 <use Figures/Spect_Gender/NonClass_Baseline_Amygdala_L.png>
Package pdftex.def Info: Figures/Spect_Gender/NonClass_Baseline_Amygdala_L.png 
used on input line 238.
(pdftex.def)             Requested size: 221.88762pt x 78.09494pt.

Overfull \hbox (2.87985pt too wide) in paragraph at lines 243--244
[]\OT1/cmr/bx/n/12 b 
 []


<Figures/Spect_Gender/Baseline_Amygdala_L_Marginal.png, id=56, 1151.80313pt x 4
05.38953pt>
File: Figures/Spect_Gender/Baseline_Amygdala_L_Marginal.png Graphic file (type 
png)
 <use Figures/Spect_Gender/Baseline_Amygdala_L_Marginal.png>
Package pdftex.def Info: Figures/Spect_Gender/Baseline_Amygdala_L_Marginal.png 
used on input line 246.
(pdftex.def)             Requested size: 221.88762pt x 78.09494pt.

[9 <./Figures/Iris/EmbedRaw.png> <./Figures/Iris/EmbedZ.png>]
<Figures/Spect_Gender/OutlierPlot.png, id=62, 1151.80313pt x 405.38953pt>
File: Figures/Spect_Gender/OutlierPlot.png Graphic file (type png)

<use Figures/Spect_Gender/OutlierPlot.png>
Package pdftex.def Info: Figures/Spect_Gender/OutlierPlot.png used on input lin
e 263.
(pdftex.def)             Requested size: 462.26999pt x 162.70346pt.
 [10 <./Figures/Spect_Gender/NonClass_Baseline_Amygdala_L.png (PNG copy)> <./Fi
gures/Spect_Gender/Baseline_Amygdala_L_Marginal.png (PNG copy)>] [11 <./Figures
/Spect_Gender/OutlierPlot.png (PNG copy)>] (MXPaper.bbl) [12] (MXPaper.aux) ) 
Here is how much of TeX's memory you used:
 4337 strings out of 493698
 64201 string characters out of 3144403
 128014 words of memory out of 3000000
 7601 multiletter control sequences out of 15000+200000
 11768 words of font info for 42 fonts, out of 3000000 for 9000
 1025 hyphenation exceptions out of 8191
 42i,9n,75p,1138b,520s stack positions out of 5000i,500n,10000p,200000b,50000s
<C
:/Program Files/MiKTeX 2.9/fonts/type1/public/amsfonts/cm/cmbx10.pfb><C:/Progra
m Files/MiKTeX 2.9/fonts/type1/public/amsfonts/cm/cmbx12.pfb><C:/Program Files/
MiKTeX 2.9/fonts/type1/public/amsfonts/cm/cmmi12.pfb><C:/Program Files/MiKTeX 2
.9/fonts/type1/public/amsfonts/cm/cmmi8.pfb><C:/Program Files/MiKTeX 2.9/fonts/
type1/public/amsfonts/cm/cmr10.pfb><C:/Program Files/MiKTeX 2.9/fonts/type1/pub
lic/amsfonts/cm/cmr12.pfb><C:/Program Files/MiKTeX 2.9/fonts/type1/public/amsfo
nts/cm/cmr8.pfb><C:/Program Files/MiKTeX 2.9/fonts/type1/public/amsfonts/cm/cms
y10.pfb><C:/Program Files/MiKTeX 2.9/fonts/type1/public/amsfonts/cm/cmsy7.pfb><
C:/Program Files/MiKTeX 2.9/fonts/type1/public/amsfonts/cm/cmti10.pfb><C:/Progr
am Files/MiKTeX 2.9/fonts/type1/public/amsfonts/cm/cmti12.pfb>
Output written on MXPaper.pdf (12 pages, 1463574 bytes).
PDF statistics:
 107 PDF objects out of 1000 (max. 8388607)
 0 named destinations out of 1000 (max. 500000)
 61 words of extra memory for PDF output out of 10000 (max. 10000000)

